<?xml version="1.0" encoding="UTF-8"?>
<!-- Generated by org.testng.reporters.JUnitReportReporter -->
<testsuite hostname="SHIV" name="Log4j.log4j.AppTest" tests="1" failures="0" timestamp="3 Dec 2017 11:31:07 GMT" time="11.895" errors="0">
  <testcase name="verifyTestCase" time="11.895" classname="Log4j.log4j.AppTest"/>
</testsuite> <!-- Log4j.log4j.AppTest -->
